Using pre-set license
Built from '2020.3/staging' branch; Version is '2020.3.23f1 (c5d91304a876) revision 12966163'; Using compiler version '192528614'; Build Type 'Release'
OS: 'Windows 10 Home Single Language; OS build 19042.1348; Version 2009; 64bit' Language: 'en' Physical Memory: 8002 MB
BatchMode: 1, IsHumanControllingUs: 0, StartBugReporterOnCrash: 0, Is64bit: 1, IsPro: 0

COMMAND LINE ARGUMENTS:
D:\PROGRAM\2020.3.23f1\Editor\Unity.exe
-adb2
-batchMode
-noUpm
-name
AssetImportWorker0
-projectPath
C:/Users/FX505D/Desktop/Lab1/Lab2.1
-logFile
Logs/AssetImportWorker0.log
-srvPort
51692
Successfully changed project path to: C:/Users/FX505D/Desktop/Lab1/Lab2.1
C:/Users/FX505D/Desktop/Lab1/Lab2.1
Using Asset Import Pipeline V2.
Refreshing native plugins compatible for Editor in 213.15 ms, found 2 plugins.
Preloading 0 native plugins for Editor in 0.00 ms.
Initialize engine version: 2020.3.23f1 (c5d91304a876)
[Subsystems] Discovering subsystems at path D:/PROGRAM/2020.3.23f1/Editor/Data/Resources/UnitySubsystems
[Subsystems] Discovering subsystems at path C:/Users/FX505D/Desktop/Lab1/Lab2.1/Assets
GfxDevice: creating device client; threaded=0
Direct3D:
    Version:  Direct3D 11.0 [level 11.1]
    Renderer: Radeon RX 560X (ID=0x67ef)
    Vendor:   
    VRAM:     4041 MB
    Driver:   26.20.12036.4002
Initialize mono
Mono path[0] = 'D:/PROGRAM/2020.3.23f1/Editor/Data/Managed'
Mono path[1] = 'D:/PROGRAM/2020.3.23f1/Editor/Data/MonoBleedingEdge/lib/mono/unityjit'
Mono config path = 'D:/PROGRAM/2020.3.23f1/Editor/Data/MonoBleedingEdge/etc'
Using monoOptions --debugger-agent=transport=dt_socket,embedding=1,server=y,suspend=n,address=127.0.0.1:56540
Begin MonoManager ReloadAssembly
Registering precompiled unity dll's ...
Register platform support module: D:/PROGRAM/2020.3.23f1/Editor/Data/PlaybackEngines/WindowsStandaloneSupport/UnityEditor.WindowsStandalone.Extensions.dll
Registered in 0.002023 seconds.
Native extension for WindowsStandalone target not found
Refreshing native plugins compatible for Editor in 82.46 ms, found 2 plugins.
Preloading 0 native plugins for Editor in 0.00 ms.
Mono: successfully reloaded assembly
- Completed reload, in  1.237 seconds
Domain Reload Profiling:
	ReloadAssembly (1237ms)
		BeginReloadAssembly (132ms)
			ExecutionOrderSort (0ms)
			DisableScriptedObjects (0ms)
			BackupInstance (0ms)
			ReleaseScriptingObjects (0ms)
			CreateAndSetChildDomain (2ms)
		EndReloadAssembly (924ms)
			LoadAssemblies (130ms)
			RebuildTransferFunctionScriptingTraits (0ms)
			SetupTypeCache (357ms)
			ReleaseScriptCaches (0ms)
			RebuildScriptCaches (56ms)
			SetupLoadedEditorAssemblies (331ms)
				LogAssemblyErrors (0ms)
				InitializePlatformSupportModulesInManaged (8ms)
				SetLoadedEditorAssemblies (1ms)
				RefreshPlugins (83ms)
				BeforeProcessingInitializeOnLoad (24ms)
				ProcessInitializeOnLoadAttributes (159ms)
				ProcessInitializeOnLoadMethodAttributes (56ms)
				AfterProcessingInitializeOnLoad (0ms)
				EditorAssembliesLoaded (0ms)
			ExecutionOrderSort2 (0ms)
			AwakeInstancesAfterBackupRestoration (0ms)
Platform modules already initialized, skipping
Registering precompiled user dll's ...
Registered in 0.012708 seconds.
Begin MonoManager ReloadAssembly
Native extension for WindowsStandalone target not found
Refreshing native plugins compatible for Editor in 79.48 ms, found 2 plugins.
Preloading 0 native plugins for Editor in 0.00 ms.
Mono: successfully reloaded assembly
- Completed reload, in  2.249 seconds
Domain Reload Profiling:
	ReloadAssembly (2251ms)
		BeginReloadAssembly (262ms)
			ExecutionOrderSort (0ms)
			DisableScriptedObjects (9ms)
			BackupInstance (0ms)
			ReleaseScriptingObjects (0ms)
			CreateAndSetChildDomain (39ms)
		EndReloadAssembly (1877ms)
			LoadAssemblies (246ms)
			RebuildTransferFunctionScriptingTraits (0ms)
			SetupTypeCache (722ms)
			ReleaseScriptCaches (1ms)
			RebuildScriptCaches (82ms)
			SetupLoadedEditorAssemblies (582ms)
				LogAssemblyErrors (0ms)
				InitializePlatformSupportModulesInManaged (5ms)
				SetLoadedEditorAssemblies (0ms)
				RefreshPlugins (80ms)
				BeforeProcessingInitializeOnLoad (138ms)
				ProcessInitializeOnLoadAttributes (337ms)
				ProcessInitializeOnLoadMethodAttributes (18ms)
				AfterProcessingInitializeOnLoad (3ms)
				EditorAssembliesLoaded (0ms)
			ExecutionOrderSort2 (0ms)
			AwakeInstancesAfterBackupRestoration (11ms)
Platform modules already initialized, skipping
========================================================================
Worker process is ready to serve import requests
Launched and connected shader compiler UnityShaderCompiler.exe after 0.09 seconds
Refreshing native plugins compatible for Editor in 1.79 ms, found 2 plugins.
Preloading 0 native plugins for Editor in 0.00 ms.
Unloading 2894 Unused Serialized files (Serialized files now loaded: 0)
System memory in use before: 124.4 MB.
System memory in use after: 124.6 MB.

Unloading 20 unused Assets to reduce memory usage. Loaded Objects now: 3326.
Total: 6.512300 ms (FindLiveObjects: 0.615100 ms CreateObjectMapping: 0.374600 ms MarkObjects: 5.395400 ms  DeleteObjects: 0.125000 ms)

AssetImportParameters requested are different than current active one (requested -> active):
  custom:framework-win-MediaFoundation: 216162199b28c13a410421893ffa2e32 -> 
  custom:video-decoder-ogg-theora: a1e56fd34408186e4bbccfd4996cb3dc -> 
  custom:container-muxer-webm: aa71ff27fc2769a1b78a27578f13a17b -> 
  custom:container-demuxer-webm: 4f35f7cbe854078d1ac9338744f61a02 -> 
  custom:container-demuxer-ogg: 62fdf1f143b41e24485cea50d1cbac27 -> 
  custom:video-encoder-webm-vp8: eb34c28f22e8b96e1ab97ce403110664 -> 
  custom:video-codec-MediaFoundation-h265: 746d11721c4dcdbdad8f713fa42b33f4 -> 
  custom:video-decoder-webm-vp8: 9c59270c3fd7afecdb556c50c9e8de78 -> 
  custom:audio-decoder-ogg-vorbis: bf7c407c2cedff20999df2af8eb42d56 -> 
  custom:audio-encoder-webm-vorbis: bf7c407c2cedff20999df2af8eb42d56 -> 
========================================================================
Received Import Request.
  path: Assets/Scenes
  artifactKey: Guid(0c58ef090fee25b4aa6f78cccc0bb100) Importer(815301076,1909f56bfc062723c751e8b465ee728b)
Start importing Assets/Scenes using Guid(0c58ef090fee25b4aa6f78cccc0bb100) Importer(815301076,1909f56bfc062723c751e8b465ee728b)  -> (artifact id: 'afd60c82be509a978effd1853d31bd06') in 0.010674 seconds 
  Import took 0.017049 seconds .

========================================================================
Received Import Request.
  Time since last request: 0.000324 seconds.
  path: Assets
  artifactKey: Guid(00000000000000001000000000000000) Importer(815301076,1909f56bfc062723c751e8b465ee728b)
Start importing Assets using Guid(00000000000000001000000000000000) Importer(815301076,1909f56bfc062723c751e8b465ee728b)  -> (artifact id: '42d402b061de3733987d63b9cc3b64de') in 0.004336 seconds 
  Import took 0.010833 seconds .

========================================================================
Received Import Request.
  Time since last request: 280.494937 seconds.
  path: Assets/Scenes/SampleScene.unity
  artifactKey: Guid(9fc0d4010bbf28b4594072e72b8655ab) Importer(815301076,1909f56bfc062723c751e8b465ee728b)
Start importing Assets/Scenes/SampleScene.unity using Guid(9fc0d4010bbf28b4594072e72b8655ab) Importer(815301076,1909f56bfc062723c751e8b465ee728b)  -> (artifact id: '85059f4f9e1a832ed95adaa0d25c5c4c') in 0.016625 seconds 
  Import took 0.023173 seconds .

========================================================================
Received Import Request.
  Time since last request: 21.279770 seconds.
  path: Assets/Stylized Environnement - Free Pack/scene/BasicScene.unity
  artifactKey: Guid(260eaf368e9267b4b97d4681122b0319) Importer(815301076,1909f56bfc062723c751e8b465ee728b)
Start importing Assets/Stylized Environnement - Free Pack/scene/BasicScene.unity using Guid(260eaf368e9267b4b97d4681122b0319) Importer(815301076,1909f56bfc062723c751e8b465ee728b)  -> (artifact id: '351bc5a862724ac76bea66f0a55a9feb') in 0.004620 seconds 
  Import took 0.011147 seconds .

========================================================================
Received Import Request.
  Time since last request: 132.554118 seconds.
  path: Assets/Scenes/UniversalRenderPipelineAsset.asset
  artifactKey: Guid(c4818fd5090b41245a8a1a484888f3b1) Importer(815301076,1909f56bfc062723c751e8b465ee728b)
Start importing Assets/Scenes/UniversalRenderPipelineAsset.asset using Guid(c4818fd5090b41245a8a1a484888f3b1) Importer(815301076,1909f56bfc062723c751e8b465ee728b)  -> (artifact id: '2b2afdf32421205a4169c8199d8677a7') in 0.140181 seconds 
  Import took 0.146620 seconds .

========================================================================
Received Import Request.
  Time since last request: 0.000409 seconds.
  path: Assets/Scenes/UniversalRenderPipelineAsset_Renderer.asset
  artifactKey: Guid(f4f61a84b42a54b4bb1384ea24fca3df) Importer(815301076,1909f56bfc062723c751e8b465ee728b)
Start importing Assets/Scenes/UniversalRenderPipelineAsset_Renderer.asset using Guid(f4f61a84b42a54b4bb1384ea24fca3df) Importer(815301076,1909f56bfc062723c751e8b465ee728b)  -> (artifact id: 'bfb89ca20649be67d61144ff5ed65bc1') in 0.028554 seconds 
  Import took 0.036178 seconds .

========================================================================
Received Import Request.
  Time since last request: 9.897779 seconds.
  path: Assets/Stylized Environnement - Free Pack/PPP.asset
  artifactKey: Guid(07d475369b47b413fad896a658b53062) Importer(815301076,1909f56bfc062723c751e8b465ee728b)
Start importing Assets/Stylized Environnement - Free Pack/PPP.asset using Guid(07d475369b47b413fad896a658b53062) Importer(815301076,1909f56bfc062723c751e8b465ee728b)  -> (artifact id: '9c0820471a1ee3566d1e75641506a854') in 0.005113 seconds 
  Import took 0.010043 seconds .

========================================================================
Received Import Request.
  Time since last request: 16.653584 seconds.
  path: Assets/UniversalRenderPipelineAsset.asset
  artifactKey: Guid(7161e734ea64a164d8d0f071e35f9c69) Importer(815301076,1909f56bfc062723c751e8b465ee728b)
Start importing Assets/UniversalRenderPipelineAsset.asset using Guid(7161e734ea64a164d8d0f071e35f9c69) Importer(815301076,1909f56bfc062723c751e8b465ee728b)  -> (artifact id: '073a542848c479def47b1b6376268733') in 0.032318 seconds 
  Import took 0.037810 seconds .

========================================================================
Received Import Request.
  Time since last request: 0.000372 seconds.
  path: Assets/UniversalRenderPipelineAsset_Renderer.asset
  artifactKey: Guid(d1792139258457a419214bc2f7a9f9ea) Importer(815301076,1909f56bfc062723c751e8b465ee728b)
Start importing Assets/UniversalRenderPipelineAsset_Renderer.asset using Guid(d1792139258457a419214bc2f7a9f9ea) Importer(815301076,1909f56bfc062723c751e8b465ee728b)  -> (artifact id: 'abeb4d5efa0dc89a460c72755a0e0291') in 0.031856 seconds 
  Import took 0.039154 seconds .

========================================================================
Received Prepare
Switching render pipeline 00000000000000000000000000000000 -> 7161e734ea64a164d8d0f071e35f9c69
Refreshing native plugins compatible for Editor in 6.56 ms, found 2 plugins.
Preloading 0 native plugins for Editor in 0.00 ms.
Unloading 61 Unused Serialized files (Serialized files now loaded: 0)
System memory in use before: 67.6 MB.
System memory in use after: 67.8 MB.

Unloading 13 unused Assets to reduce memory usage. Loaded Objects now: 3374.
Total: 4.955700 ms (FindLiveObjects: 0.335000 ms CreateObjectMapping: 0.080900 ms MarkObjects: 4.511600 ms  DeleteObjects: 0.027100 ms)

AssetImportParameters requested are different than current active one (requested -> active):
  custom:framework-win-MediaFoundation: 216162199b28c13a410421893ffa2e32 -> 
  custom:video-decoder-ogg-theora: a1e56fd34408186e4bbccfd4996cb3dc -> 
  custom:container-muxer-webm: aa71ff27fc2769a1b78a27578f13a17b -> 
  custom:container-demuxer-webm: 4f35f7cbe854078d1ac9338744f61a02 -> 
  custom:container-demuxer-ogg: 62fdf1f143b41e24485cea50d1cbac27 -> 
  custom:video-encoder-webm-vp8: eb34c28f22e8b96e1ab97ce403110664 -> 
  custom:video-codec-MediaFoundation-h265: 746d11721c4dcdbdad8f713fa42b33f4 -> 
  custom:video-decoder-webm-vp8: 9c59270c3fd7afecdb556c50c9e8de78 -> 
  custom:audio-decoder-ogg-vorbis: bf7c407c2cedff20999df2af8eb42d56 -> 
  custom:audio-encoder-webm-vorbis: bf7c407c2cedff20999df2af8eb42d56 -> 
========================================================================
Received Prepare
Refreshing native plugins compatible for Editor in 5.40 ms, found 2 plugins.
Preloading 0 native plugins for Editor in 0.00 ms.
Unloading 13 Unused Serialized files (Serialized files now loaded: 0)
System memory in use before: 66.1 MB.
System memory in use after: 66.3 MB.

Unloading 13 unused Assets to reduce memory usage. Loaded Objects now: 3374.
Total: 6.306500 ms (FindLiveObjects: 0.461400 ms CreateObjectMapping: 0.155100 ms MarkObjects: 5.659100 ms  DeleteObjects: 0.028400 ms)

AssetImportParameters requested are different than current active one (requested -> active):
  custom:framework-win-MediaFoundation: 216162199b28c13a410421893ffa2e32 -> 
  custom:video-decoder-ogg-theora: a1e56fd34408186e4bbccfd4996cb3dc -> 
  custom:container-muxer-webm: aa71ff27fc2769a1b78a27578f13a17b -> 
  custom:container-demuxer-webm: 4f35f7cbe854078d1ac9338744f61a02 -> 
  custom:container-demuxer-ogg: 62fdf1f143b41e24485cea50d1cbac27 -> 
  custom:video-encoder-webm-vp8: eb34c28f22e8b96e1ab97ce403110664 -> 
  custom:video-codec-MediaFoundation-h265: 746d11721c4dcdbdad8f713fa42b33f4 -> 
  custom:video-decoder-webm-vp8: 9c59270c3fd7afecdb556c50c9e8de78 -> 
  custom:audio-decoder-ogg-vorbis: bf7c407c2cedff20999df2af8eb42d56 -> 
  custom:audio-encoder-webm-vorbis: bf7c407c2cedff20999df2af8eb42d56 -> 
========================================================================
Received Prepare
Switching render pipeline 00000000000000000000000000000000 -> 7161e734ea64a164d8d0f071e35f9c69
Refreshing native plugins compatible for Editor in 5.34 ms, found 2 plugins.
Preloading 0 native plugins for Editor in 0.00 ms.
Unloading 13 Unused Serialized files (Serialized files now loaded: 0)
System memory in use before: 66.1 MB.
System memory in use after: 66.3 MB.

Unloading 13 unused Assets to reduce memory usage. Loaded Objects now: 3374.
Total: 5.892500 ms (FindLiveObjects: 0.329100 ms CreateObjectMapping: 0.086800 ms MarkObjects: 5.450200 ms  DeleteObjects: 0.024600 ms)

AssetImportParameters requested are different than current active one (requested -> active):
  custom:framework-win-MediaFoundation: 216162199b28c13a410421893ffa2e32 -> 
  custom:video-decoder-ogg-theora: a1e56fd34408186e4bbccfd4996cb3dc -> 
  custom:container-muxer-webm: aa71ff27fc2769a1b78a27578f13a17b -> 
  custom:container-demuxer-webm: 4f35f7cbe854078d1ac9338744f61a02 -> 
  custom:container-demuxer-ogg: 62fdf1f143b41e24485cea50d1cbac27 -> 
  custom:video-encoder-webm-vp8: eb34c28f22e8b96e1ab97ce403110664 -> 
  custom:video-codec-MediaFoundation-h265: 746d11721c4dcdbdad8f713fa42b33f4 -> 
  custom:video-decoder-webm-vp8: 9c59270c3fd7afecdb556c50c9e8de78 -> 
  custom:audio-decoder-ogg-vorbis: bf7c407c2cedff20999df2af8eb42d56 -> 
  custom:audio-encoder-webm-vorbis: bf7c407c2cedff20999df2af8eb42d56 -> 
========================================================================
Received Import Request.
  Time since last request: 346.628393 seconds.
  path: Assets/UniversalRenderPipelineAsset.asset
  artifactKey: Guid(7161e734ea64a164d8d0f071e35f9c69) Importer(815301076,1909f56bfc062723c751e8b465ee728b)
Start importing Assets/UniversalRenderPipelineAsset.asset using Guid(7161e734ea64a164d8d0f071e35f9c69) Importer(815301076,1909f56bfc062723c751e8b465ee728b)  -> (artifact id: '63151e270223c3ba1d57f6736357440c') in 0.005134 seconds 
  Import took 0.012278 seconds .

========================================================================
Received Import Request.
  Time since last request: 5.244804 seconds.
  path: Assets/UniversalRenderPipelineAsset_Renderer.asset
  artifactKey: Guid(d1792139258457a419214bc2f7a9f9ea) Importer(815301076,1909f56bfc062723c751e8b465ee728b)
Start importing Assets/UniversalRenderPipelineAsset_Renderer.asset using Guid(d1792139258457a419214bc2f7a9f9ea) Importer(815301076,1909f56bfc062723c751e8b465ee728b)  -> (artifact id: '1eb27c1670bdcfc37a5be8f52074550a') in 0.006247 seconds 
  Import took 0.012402 seconds .

========================================================================
Received Import Request.
  Time since last request: 84.145195 seconds.
  path: Assets/Stylized Environnement - Free Pack/scene/BasicScene.unity
  artifactKey: Guid(260eaf368e9267b4b97d4681122b0319) Importer(815301076,1909f56bfc062723c751e8b465ee728b)
Start importing Assets/Stylized Environnement - Free Pack/scene/BasicScene.unity using Guid(260eaf368e9267b4b97d4681122b0319) Importer(815301076,1909f56bfc062723c751e8b465ee728b)  -> (artifact id: '27c0a766479d9817de3fb346f8379b73') in 0.004687 seconds 
  Import took 0.012151 seconds .

========================================================================
Received Import Request.
  Time since last request: 196.838542 seconds.
  path: Assets/MyShader
  artifactKey: Guid(0aa3382dff5e66f46b953aa61b221f36) Importer(815301076,1909f56bfc062723c751e8b465ee728b)
Start importing Assets/MyShader using Guid(0aa3382dff5e66f46b953aa61b221f36) Importer(815301076,1909f56bfc062723c751e8b465ee728b)  -> (artifact id: '0552a12d8bdf287d5408b49f3184623d') in 0.004680 seconds 
  Import took 0.012981 seconds .

========================================================================
Received Import Request.
  Time since last request: 110.209184 seconds.
  path: Assets/MyShader/DepWater.shadergraph
  artifactKey: Guid(8e5764fb0dbad3f46b41ebd2b203d479) Importer(815301076,1909f56bfc062723c751e8b465ee728b)
Start importing Assets/MyShader/DepWater.shadergraph using Guid(8e5764fb0dbad3f46b41ebd2b203d479) Importer(815301076,1909f56bfc062723c751e8b465ee728b)  -> (artifact id: '965362ab6a1f06657618347babdf4300') in 0.011542 seconds 
  Import took 0.017867 seconds .

========================================================================
Received Import Request.
  Time since last request: 913.190620 seconds.
  path: Assets/MyShader/Dep.mat
  artifactKey: Guid(23081bb1a459aa943893b3f4c088cc5f) Importer(815301076,1909f56bfc062723c751e8b465ee728b)
Start importing Assets/MyShader/Dep.mat using Guid(23081bb1a459aa943893b3f4c088cc5f) Importer(815301076,1909f56bfc062723c751e8b465ee728b)  -> (artifact id: 'e435c1c9a334fc7f8ac342f9eb5428d3') in 0.388586 seconds 
  Import took 0.394123 seconds .

========================================================================
Received Import Request.
  Time since last request: 13.058149 seconds.
  path: Assets/MyShader/DepWater.mat
  artifactKey: Guid(23081bb1a459aa943893b3f4c088cc5f) Importer(815301076,1909f56bfc062723c751e8b465ee728b)
Start importing Assets/MyShader/DepWater.mat using Guid(23081bb1a459aa943893b3f4c088cc5f) Importer(815301076,1909f56bfc062723c751e8b465ee728b)  -> (artifact id: '6f527c019612dec7a95e897c41c320ad') in 0.020987 seconds 
  Import took 0.029839 seconds .

========================================================================
Received Import Request.
  Time since last request: 57.558045 seconds.
  path: Assets/MyShader/DepWater.mat
  artifactKey: Guid(23081bb1a459aa943893b3f4c088cc5f) Importer(815301076,1909f56bfc062723c751e8b465ee728b)
Start importing Assets/MyShader/DepWater.mat using Guid(23081bb1a459aa943893b3f4c088cc5f) Importer(815301076,1909f56bfc062723c751e8b465ee728b)  -> (artifact id: 'eeac4bfffbe9870e9f896b1ed31ec315') in 0.032665 seconds 
  Import took 0.040596 seconds .

========================================================================
Received Import Request.
  Time since last request: 674.419441 seconds.
  path: Assets/MyShader/DeptWater.shadersubgraph
  artifactKey: Guid(719580ede57ab1b4caed762334067af6) Importer(815301076,1909f56bfc062723c751e8b465ee728b)
Start importing Assets/MyShader/DeptWater.shadersubgraph using Guid(719580ede57ab1b4caed762334067af6) Importer(815301076,1909f56bfc062723c751e8b465ee728b)  -> (artifact id: 'f864a3d28ea3e2bd15c117452af89440') in 0.071441 seconds 
  Import took 0.106149 seconds .

========================================================================
Received Import Request.
  Time since last request: 33.243025 seconds.
  path: Assets/MyShader/DepWater
  artifactKey: Guid(ce28db8af38145941ae18de1eed5621c) Importer(815301076,1909f56bfc062723c751e8b465ee728b)
Start importing Assets/MyShader/DepWater using Guid(ce28db8af38145941ae18de1eed5621c) Importer(815301076,1909f56bfc062723c751e8b465ee728b)  -> (artifact id: '1fd3c74d28a77631df26a92c36d1c3d7') in 0.005498 seconds 
  Import took 0.011499 seconds .

========================================================================
Received Import Request.
  Time since last request: 64.090310 seconds.
  path: Assets/MyShader/Color2.shadergraph
  artifactKey: Guid(5cab7ff56cf189d4c95562a969a3faa7) Importer(815301076,1909f56bfc062723c751e8b465ee728b)
Start importing Assets/MyShader/Color2.shadergraph using Guid(5cab7ff56cf189d4c95562a969a3faa7) Importer(815301076,1909f56bfc062723c751e8b465ee728b)  -> (artifact id: '920e49971a0745e335501dbabfdc1e88') in 0.006396 seconds 
  Import took 0.014425 seconds .

========================================================================
Received Import Request.
  Time since last request: 21.398808 seconds.
  path: Assets/MyShader/WaterColor2.shadergraph
  artifactKey: Guid(5cab7ff56cf189d4c95562a969a3faa7) Importer(815301076,1909f56bfc062723c751e8b465ee728b)
Start importing Assets/MyShader/WaterColor2.shadergraph using Guid(5cab7ff56cf189d4c95562a969a3faa7) Importer(815301076,1909f56bfc062723c751e8b465ee728b)  -> (artifact id: '2cce0444614e4690d53daf04700a9c3e') in 0.007994 seconds 
  Import took 0.015634 seconds .

========================================================================
Received Import Request.
  Time since last request: 239.508978 seconds.
  path: Assets/MyShader/WaterColor2.shadergraph
  artifactKey: Guid(5cab7ff56cf189d4c95562a969a3faa7) Importer(815301076,1909f56bfc062723c751e8b465ee728b)
Start importing Assets/MyShader/WaterColor2.shadergraph using Guid(5cab7ff56cf189d4c95562a969a3faa7) Importer(815301076,1909f56bfc062723c751e8b465ee728b)  -> (artifact id: 'a7f788b0b82fdf95821359423f444d1d') in 0.006711 seconds 
  Import took 0.013747 seconds .

========================================================================
Received Import Request.
  Time since last request: 26.394202 seconds.
  path: Assets/MyShader/WaterColor2.mat
  artifactKey: Guid(389deb74a58e2e54b84344f33797c61a) Importer(815301076,1909f56bfc062723c751e8b465ee728b)
Start importing Assets/MyShader/WaterColor2.mat using Guid(389deb74a58e2e54b84344f33797c61a) Importer(815301076,1909f56bfc062723c751e8b465ee728b)  -> (artifact id: 'ca35a14692b12afab35b80a75336dad8') in 0.021461 seconds 
  Import took 0.028579 seconds .

========================================================================
Received Prepare
Registering precompiled user dll's ...
Registered in 0.011667 seconds.
Begin MonoManager ReloadAssembly
Native extension for WindowsStandalone target not found
Refreshing native plugins compatible for Editor in 1.13 ms, found 2 plugins.
Preloading 0 native plugins for Editor in 0.00 ms.
Mono: successfully reloaded assembly
- Completed reload, in  1.708 seconds
Domain Reload Profiling:
	ReloadAssembly (1710ms)
		BeginReloadAssembly (265ms)
			ExecutionOrderSort (0ms)
			DisableScriptedObjects (12ms)
			BackupInstance (0ms)
			ReleaseScriptingObjects (0ms)
			CreateAndSetChildDomain (127ms)
		EndReloadAssembly (1360ms)
			LoadAssemblies (155ms)
			RebuildTransferFunctionScriptingTraits (0ms)
			SetupTypeCache (466ms)
			ReleaseScriptCaches (2ms)
			RebuildScriptCaches (61ms)
			SetupLoadedEditorAssemblies (425ms)
				LogAssemblyErrors (0ms)
				InitializePlatformSupportModulesInManaged (5ms)
				SetLoadedEditorAssemblies (1ms)
				RefreshPlugins (1ms)
				BeforeProcessingInitializeOnLoad (129ms)
				ProcessInitializeOnLoadAttributes (270ms)
				ProcessInitializeOnLoadMethodAttributes (15ms)
				AfterProcessingInitializeOnLoad (3ms)
				EditorAssembliesLoaded (0ms)
			ExecutionOrderSort2 (0ms)
			AwakeInstancesAfterBackupRestoration (32ms)
Platform modules already initialized, skipping
Refreshing native plugins compatible for Editor in 0.65 ms, found 2 plugins.
Preloading 0 native plugins for Editor in 0.00 ms.
Unloading 2836 Unused Serialized files (Serialized files now loaded: 0)
System memory in use before: 127.9 MB.
System memory in use after: 128.1 MB.

Unloading 15 unused Assets to reduce memory usage. Loaded Objects now: 3457.
Total: 5.296800 ms (FindLiveObjects: 0.393200 ms CreateObjectMapping: 0.117700 ms MarkObjects: 4.758400 ms  DeleteObjects: 0.025500 ms)

AssetImportParameters requested are different than current active one (requested -> active):
  custom:framework-win-MediaFoundation: 216162199b28c13a410421893ffa2e32 -> 
  custom:video-decoder-ogg-theora: a1e56fd34408186e4bbccfd4996cb3dc -> 
  custom:container-muxer-webm: aa71ff27fc2769a1b78a27578f13a17b -> 
  custom:container-demuxer-webm: 4f35f7cbe854078d1ac9338744f61a02 -> 
  custom:container-demuxer-ogg: 62fdf1f143b41e24485cea50d1cbac27 -> 
  custom:video-encoder-webm-vp8: eb34c28f22e8b96e1ab97ce403110664 -> 
  custom:video-codec-MediaFoundation-h265: 746d11721c4dcdbdad8f713fa42b33f4 -> 
  custom:video-decoder-webm-vp8: 9c59270c3fd7afecdb556c50c9e8de78 -> 
  custom:audio-decoder-ogg-vorbis: bf7c407c2cedff20999df2af8eb42d56 -> 
  custom:audio-encoder-webm-vorbis: bf7c407c2cedff20999df2af8eb42d56 -> 
========================================================================
Received Import Request.
  Time since last request: 124.104496 seconds.
  path: Assets/MyShader/WaterColor2.mat
  artifactKey: Guid(389deb74a58e2e54b84344f33797c61a) Importer(815301076,1909f56bfc062723c751e8b465ee728b)
Start importing Assets/MyShader/WaterColor2.mat using Guid(389deb74a58e2e54b84344f33797c61a) Importer(815301076,1909f56bfc062723c751e8b465ee728b)  -> (artifact id: '3bc25ce07ff99dff5a9450774feade24') in 0.246578 seconds 
  Import took 0.254397 seconds .

========================================================================
Received Prepare
Registering precompiled user dll's ...
Registered in 0.008123 seconds.
Begin MonoManager ReloadAssembly
Native extension for WindowsStandalone target not found
Refreshing native plugins compatible for Editor in 0.71 ms, found 2 plugins.
Preloading 0 native plugins for Editor in 0.00 ms.
Mono: successfully reloaded assembly
- Completed reload, in  1.525 seconds
Domain Reload Profiling:
	ReloadAssembly (1526ms)
		BeginReloadAssembly (160ms)
			ExecutionOrderSort (0ms)
			DisableScriptedObjects (10ms)
			BackupInstance (0ms)
			ReleaseScriptingObjects (0ms)
			CreateAndSetChildDomain (51ms)
		EndReloadAssembly (1267ms)
			LoadAssemblies (140ms)
			RebuildTransferFunctionScriptingTraits (0ms)
			SetupTypeCache (449ms)
			ReleaseScriptCaches (2ms)
			RebuildScriptCaches (59ms)
			SetupLoadedEditorAssemblies (415ms)
				LogAssemblyErrors (0ms)
				InitializePlatformSupportModulesInManaged (6ms)
				SetLoadedEditorAssemblies (1ms)
				RefreshPlugins (1ms)
				BeforeProcessingInitializeOnLoad (138ms)
				ProcessInitializeOnLoadAttributes (252ms)
				ProcessInitializeOnLoadMethodAttributes (13ms)
				AfterProcessingInitializeOnLoad (4ms)
				EditorAssembliesLoaded (0ms)
			ExecutionOrderSort2 (0ms)
			AwakeInstancesAfterBackupRestoration (24ms)
Platform modules already initialized, skipping
Refreshing native plugins compatible for Editor in 0.75 ms, found 2 plugins.
Preloading 0 native plugins for Editor in 0.00 ms.
Unloading 2834 Unused Serialized files (Serialized files now loaded: 0)
System memory in use before: 128.3 MB.
System memory in use after: 128.5 MB.

Unloading 15 unused Assets to reduce memory usage. Loaded Objects now: 3497.
Total: 5.068700 ms (FindLiveObjects: 0.673400 ms CreateObjectMapping: 0.141700 ms MarkObjects: 4.199400 ms  DeleteObjects: 0.050700 ms)

AssetImportParameters requested are different than current active one (requested -> active):
  custom:framework-win-MediaFoundation: 216162199b28c13a410421893ffa2e32 -> 
  custom:video-decoder-ogg-theora: a1e56fd34408186e4bbccfd4996cb3dc -> 
  custom:container-muxer-webm: aa71ff27fc2769a1b78a27578f13a17b -> 
  custom:container-demuxer-webm: 4f35f7cbe854078d1ac9338744f61a02 -> 
  custom:container-demuxer-ogg: 62fdf1f143b41e24485cea50d1cbac27 -> 
  custom:video-encoder-webm-vp8: eb34c28f22e8b96e1ab97ce403110664 -> 
  custom:video-codec-MediaFoundation-h265: 746d11721c4dcdbdad8f713fa42b33f4 -> 
  custom:video-decoder-webm-vp8: 9c59270c3fd7afecdb556c50c9e8de78 -> 
  custom:audio-decoder-ogg-vorbis: bf7c407c2cedff20999df2af8eb42d56 -> 
  custom:audio-encoder-webm-vorbis: bf7c407c2cedff20999df2af8eb42d56 -> 
========================================================================
Received Import Request.
  Time since last request: 474.777854 seconds.
  path: Assets/MyShader/WaterColor2
  artifactKey: Guid(7c5baf8c7eac54e41875d0b83bb59098) Importer(815301076,1909f56bfc062723c751e8b465ee728b)
Start importing Assets/MyShader/WaterColor2 using Guid(7c5baf8c7eac54e41875d0b83bb59098) Importer(815301076,1909f56bfc062723c751e8b465ee728b)  -> (artifact id: 'fb2200d2ff2e04e5b31541aad5b7bfa5') in 0.015605 seconds 
  Import took 0.022444 seconds .

========================================================================
Received Import Request.
  Time since last request: 22.876353 seconds.
  path: Assets/MyShader/New Shader Graph.shadergraph
  artifactKey: Guid(1edf7dee32253f344ac8e3e33f97cd20) Importer(815301076,1909f56bfc062723c751e8b465ee728b)
Start importing Assets/MyShader/New Shader Graph.shadergraph using Guid(1edf7dee32253f344ac8e3e33f97cd20) Importer(815301076,1909f56bfc062723c751e8b465ee728b)  -> (artifact id: 'dad556ef410f68711ccfe50aee8e2dd3') in 0.019149 seconds 
  Import took 0.026804 seconds .

========================================================================
Received Import Request.
  Time since last request: 8.444992 seconds.
  path: Assets/MyShader/MoveMent.shadergraph
  artifactKey: Guid(1edf7dee32253f344ac8e3e33f97cd20) Importer(815301076,1909f56bfc062723c751e8b465ee728b)
Start importing Assets/MyShader/MoveMent.shadergraph using Guid(1edf7dee32253f344ac8e3e33f97cd20) Importer(815301076,1909f56bfc062723c751e8b465ee728b)  -> (artifact id: '92a1587e597e7321bf6d5544d3669c8d') in 0.006901 seconds 
  Import took 0.014374 seconds .

========================================================================
Received Import Request.
  Time since last request: 283.938433 seconds.
  path: Assets/MyShader/MoveMent.mat
  artifactKey: Guid(baed62c219ad44e429174787e157a3f0) Importer(815301076,1909f56bfc062723c751e8b465ee728b)
Start importing Assets/MyShader/MoveMent.mat using Guid(baed62c219ad44e429174787e157a3f0) Importer(815301076,1909f56bfc062723c751e8b465ee728b)  -> (artifact id: 'c35bff433c90b4239bde0ceab2b43cb6') in 0.230024 seconds 
  Import took 0.237581 seconds .

========================================================================
Received Import Request.
  Time since last request: 108.190370 seconds.
  path: Assets/MyShader/New Shader Sub Graph.shadersubgraph
  artifactKey: Guid(b1ab854daa0259d4f9d77ce2e3b90329) Importer(815301076,1909f56bfc062723c751e8b465ee728b)
Start importing Assets/MyShader/New Shader Sub Graph.shadersubgraph using Guid(b1ab854daa0259d4f9d77ce2e3b90329) Importer(815301076,1909f56bfc062723c751e8b465ee728b)  -> (artifact id: '542e9d04c8ac72ee1d9166a52ad939fa') in 0.012865 seconds 
  Import took 0.029234 seconds .

========================================================================
Received Import Request.
  Time since last request: 9.323986 seconds.
  path: Assets/MyShader/MoveMent.shadersubgraph
  artifactKey: Guid(b1ab854daa0259d4f9d77ce2e3b90329) Importer(815301076,1909f56bfc062723c751e8b465ee728b)
Start importing Assets/MyShader/MoveMent.shadersubgraph using Guid(b1ab854daa0259d4f9d77ce2e3b90329) Importer(815301076,1909f56bfc062723c751e8b465ee728b)  -> (artifact id: '26033bc5404c6cb2ba424920d6a396bc') in 0.010080 seconds 
  Import took 0.024797 seconds .

========================================================================
Received Import Request.
  Time since last request: 20.334009 seconds.
  path: Assets/MyShader/MoveMent
  artifactKey: Guid(487320af5c6cc4343b2930ec434848c6) Importer(815301076,1909f56bfc062723c751e8b465ee728b)
Start importing Assets/MyShader/MoveMent using Guid(487320af5c6cc4343b2930ec434848c6) Importer(815301076,1909f56bfc062723c751e8b465ee728b)  -> (artifact id: '14cdbb3ecd1d894afad3af58a778b272') in 0.007132 seconds 
  Import took 0.016027 seconds .

========================================================================
Received Import Request.
  Time since last request: 114.626015 seconds.
  path: Assets/MyShader/WaterMovement.shadergraph
  artifactKey: Guid(3824db13bb81b184b84d6498b4fd2476) Importer(815301076,1909f56bfc062723c751e8b465ee728b)
Start importing Assets/MyShader/WaterMovement.shadergraph using Guid(3824db13bb81b184b84d6498b4fd2476) Importer(815301076,1909f56bfc062723c751e8b465ee728b)  -> (artifact id: '2cbc1880f3d6148cb02b4acb470be800') in 0.009168 seconds 
  Import took 0.018873 seconds .

========================================================================
Received Import Request.
  Time since last request: 615.717091 seconds.
  path: Assets/MyShader/WaterMovement.shadergraph
  artifactKey: Guid(3824db13bb81b184b84d6498b4fd2476) Importer(815301076,1909f56bfc062723c751e8b465ee728b)
Start importing Assets/MyShader/WaterMovement.shadergraph using Guid(3824db13bb81b184b84d6498b4fd2476) Importer(815301076,1909f56bfc062723c751e8b465ee728b)  -> (artifact id: '701b114efa3d873566d26aa0aa6a38d3') in 0.005562 seconds 
  Import took 0.012830 seconds .

========================================================================
Received Import Request.
  Time since last request: 1.728240 seconds.
  path: Assets/MyShader/MoveMent.mat
  artifactKey: Guid(baed62c219ad44e429174787e157a3f0) Importer(815301076,1909f56bfc062723c751e8b465ee728b)
Start importing Assets/MyShader/MoveMent.mat using Guid(baed62c219ad44e429174787e157a3f0) Importer(815301076,1909f56bfc062723c751e8b465ee728b)  -> (artifact id: 'ce2242e27b6216a68a130bdc3dfbad15') in 0.040683 seconds 
  Import took 0.047428 seconds .

========================================================================
Received Import Request.
  Time since last request: 29.702679 seconds.
  path: Assets/MyShader/WaterMovement.mat
  artifactKey: Guid(c65b7df8b02671541adfe585b8dee6fd) Importer(815301076,1909f56bfc062723c751e8b465ee728b)
Start importing Assets/MyShader/WaterMovement.mat using Guid(c65b7df8b02671541adfe585b8dee6fd) Importer(815301076,1909f56bfc062723c751e8b465ee728b)  -> (artifact id: '5e780275c887f2bc62d0ff98c6504cb7') in 0.018748 seconds 
  Import took 0.026937 seconds .

========================================================================
Received Import Request.
  Time since last request: 27.841627 seconds.
  path: Assets/MyShader/WaterMat.mat
  artifactKey: Guid(c65b7df8b02671541adfe585b8dee6fd) Importer(815301076,1909f56bfc062723c751e8b465ee728b)
Start importing Assets/MyShader/WaterMat.mat using Guid(c65b7df8b02671541adfe585b8dee6fd) Importer(815301076,1909f56bfc062723c751e8b465ee728b)  -> (artifact id: '4d81d0b6865c638c41972a70f355ff46') in 0.026614 seconds 
  Import took 0.033885 seconds .

========================================================================
Received Prepare
Registering precompiled user dll's ...
Registered in 0.013106 seconds.
Begin MonoManager ReloadAssembly
Native extension for WindowsStandalone target not found
Refreshing native plugins compatible for Editor in 1.39 ms, found 2 plugins.
Preloading 0 native plugins for Editor in 0.00 ms.
Mono: successfully reloaded assembly
- Completed reload, in  1.852 seconds
Domain Reload Profiling:
	ReloadAssembly (1855ms)
		BeginReloadAssembly (191ms)
			ExecutionOrderSort (0ms)
			DisableScriptedObjects (11ms)
			BackupInstance (0ms)
			ReleaseScriptingObjects (0ms)
			CreateAndSetChildDomain (67ms)
		EndReloadAssembly (1538ms)
			LoadAssemblies (180ms)
			RebuildTransferFunctionScriptingTraits (0ms)
			SetupTypeCache (524ms)
			ReleaseScriptCaches (2ms)
			RebuildScriptCaches (70ms)
			SetupLoadedEditorAssemblies (532ms)
				LogAssemblyErrors (0ms)
				InitializePlatformSupportModulesInManaged (8ms)
				SetLoadedEditorAssemblies (1ms)
				RefreshPlugins (2ms)
				BeforeProcessingInitializeOnLoad (186ms)
				ProcessInitializeOnLoadAttributes (316ms)
				ProcessInitializeOnLoadMethodAttributes (16ms)
				AfterProcessingInitializeOnLoad (4ms)
				EditorAssembliesLoaded (0ms)
			ExecutionOrderSort2 (0ms)
			AwakeInstancesAfterBackupRestoration (30ms)
Platform modules already initialized, skipping
Refreshing native plugins compatible for Editor in 0.70 ms, found 2 plugins.
Preloading 0 native plugins for Editor in 0.00 ms.
Unloading 2835 Unused Serialized files (Serialized files now loaded: 0)
System memory in use before: 129.0 MB.
System memory in use after: 129.2 MB.

Unloading 15 unused Assets to reduce memory usage. Loaded Objects now: 3537.
Total: 8.524700 ms (FindLiveObjects: 0.943300 ms CreateObjectMapping: 0.254500 ms MarkObjects: 7.278500 ms  DeleteObjects: 0.046100 ms)

AssetImportParameters requested are different than current active one (requested -> active):
  custom:framework-win-MediaFoundation: 216162199b28c13a410421893ffa2e32 -> 
  custom:video-decoder-ogg-theora: a1e56fd34408186e4bbccfd4996cb3dc -> 
  custom:container-muxer-webm: aa71ff27fc2769a1b78a27578f13a17b -> 
  custom:container-demuxer-webm: 4f35f7cbe854078d1ac9338744f61a02 -> 
  custom:container-demuxer-ogg: 62fdf1f143b41e24485cea50d1cbac27 -> 
  custom:video-encoder-webm-vp8: eb34c28f22e8b96e1ab97ce403110664 -> 
  custom:video-codec-MediaFoundation-h265: 746d11721c4dcdbdad8f713fa42b33f4 -> 
  custom:video-decoder-webm-vp8: 9c59270c3fd7afecdb556c50c9e8de78 -> 
  custom:audio-decoder-ogg-vorbis: bf7c407c2cedff20999df2af8eb42d56 -> 
  custom:audio-encoder-webm-vorbis: bf7c407c2cedff20999df2af8eb42d56 -> 
========================================================================
Received Import Request.
  Time since last request: 198.450873 seconds.
  path: Assets/MyShader/WaterMat 1.mat
  artifactKey: Guid(1d571f3308b95dd4ebb467f0d23dd3f6) Importer(815301076,1909f56bfc062723c751e8b465ee728b)
Start importing Assets/MyShader/WaterMat 1.mat using Guid(1d571f3308b95dd4ebb467f0d23dd3f6) Importer(815301076,1909f56bfc062723c751e8b465ee728b)  -> (artifact id: '518a276fb03cb7dff7dc43053b89cbcc') in 0.250908 seconds 
  Import took 0.259111 seconds .

========================================================================
Received Import Request.
  Time since last request: 0.000872 seconds.
  path: Assets/MyShader/WaterMat.mat
  artifactKey: Guid(c65b7df8b02671541adfe585b8dee6fd) Importer(815301076,1909f56bfc062723c751e8b465ee728b)
Start importing Assets/MyShader/WaterMat.mat using Guid(c65b7df8b02671541adfe585b8dee6fd) Importer(815301076,1909f56bfc062723c751e8b465ee728b)  -> (artifact id: '56d222376c40704cfd1706b83b746b89') in 0.042264 seconds 
  Import took 0.050404 seconds .

========================================================================
Received Import Request.
  Time since last request: 488.158518 seconds.
  path: Assets/MyShader/WaterMovement.shadergraph
  artifactKey: Guid(3824db13bb81b184b84d6498b4fd2476) Importer(815301076,1909f56bfc062723c751e8b465ee728b)
Start importing Assets/MyShader/WaterMovement.shadergraph using Guid(3824db13bb81b184b84d6498b4fd2476) Importer(815301076,1909f56bfc062723c751e8b465ee728b)  -> (artifact id: '1ccea82466424591dd5fe0a7a53f7294') in 0.004865 seconds 
  Import took 0.011487 seconds .

========================================================================
Received Import Request.
  Time since last request: 76.672267 seconds.
  path: Assets/MyShader/WaterMovement.shadersubgraph
  artifactKey: Guid(76de4c1def3c61c448e36bf149b6bce0) Importer(815301076,1909f56bfc062723c751e8b465ee728b)
Start importing Assets/MyShader/WaterMovement.shadersubgraph using Guid(76de4c1def3c61c448e36bf149b6bce0) Importer(815301076,1909f56bfc062723c751e8b465ee728b)  -> (artifact id: '7c8026a02847f5f6593074201c7a7b56') in 0.019069 seconds 
  Import took 0.063043 seconds .

========================================================================
Received Import Request.
  Time since last request: 53.557977 seconds.
  path: Assets/MyShader/WaterColor2/WaterColor2.mat
  artifactKey: Guid(389deb74a58e2e54b84344f33797c61a) Importer(815301076,1909f56bfc062723c751e8b465ee728b)
Start importing Assets/MyShader/WaterColor2/WaterColor2.mat using Guid(389deb74a58e2e54b84344f33797c61a) Importer(815301076,1909f56bfc062723c751e8b465ee728b)  -> (artifact id: '18df24fe7bdc62e0b475f5774dba3179') in 0.015872 seconds 
  Import took 0.022411 seconds .

========================================================================
Received Import Request.
  Time since last request: 5.247135 seconds.
  path: Assets/MyShader/DepWater/DepWater.mat
  artifactKey: Guid(23081bb1a459aa943893b3f4c088cc5f) Importer(815301076,1909f56bfc062723c751e8b465ee728b)
Start importing Assets/MyShader/DepWater/DepWater.mat using Guid(23081bb1a459aa943893b3f4c088cc5f) Importer(815301076,1909f56bfc062723c751e8b465ee728b)  -> (artifact id: '4b52469ef383ffeeb130abad8acc1687') in 0.015769 seconds 
  Import took 0.023179 seconds .

========================================================================
Received Import Request.
  Time since last request: 20.228527 seconds.
  path: Assets/UniversalRenderPipelineAsset.asset
  artifactKey: Guid(7161e734ea64a164d8d0f071e35f9c69) Importer(815301076,1909f56bfc062723c751e8b465ee728b)
Start importing Assets/UniversalRenderPipelineAsset.asset using Guid(7161e734ea64a164d8d0f071e35f9c69) Importer(815301076,1909f56bfc062723c751e8b465ee728b)  -> (artifact id: '7a1da3aa6c8ebd20603f0cb86d128e92') in 0.005448 seconds 
  Import took 0.012466 seconds .

========================================================================
Received Import Request.
  Time since last request: 0.000438 seconds.
  path: Assets/UniversalRenderPipelineAsset_Renderer.asset
  artifactKey: Guid(d1792139258457a419214bc2f7a9f9ea) Importer(815301076,1909f56bfc062723c751e8b465ee728b)
Start importing Assets/UniversalRenderPipelineAsset_Renderer.asset using Guid(d1792139258457a419214bc2f7a9f9ea) Importer(815301076,1909f56bfc062723c751e8b465ee728b)  -> (artifact id: '4c25eff1da8f004768643f63c5b26857') in 0.007418 seconds 
  Import took 0.015738 seconds .

========================================================================
Received Import Request.
  Time since last request: 97.112786 seconds.
  path: Assets/MyShader/WaterColor2Movement
  artifactKey: Guid(fbb171acda7dcaa43884d80c2c35c4b1) Importer(815301076,1909f56bfc062723c751e8b465ee728b)
Start importing Assets/MyShader/WaterColor2Movement using Guid(fbb171acda7dcaa43884d80c2c35c4b1) Importer(815301076,1909f56bfc062723c751e8b465ee728b)  -> (artifact id: 'e19254f78517679decd3005263077ac7') in 0.006041 seconds 
  Import took 0.012656 seconds .

========================================================================
Received Import Request.
  Time since last request: 26.445183 seconds.
  path: Assets/MyShader/WaterColor2Movement.shadergraph
  artifactKey: Guid(e7cbd8c8cc58f7a4a9dd5334cb1fa8db) Importer(815301076,1909f56bfc062723c751e8b465ee728b)
Start importing Assets/MyShader/WaterColor2Movement.shadergraph using Guid(e7cbd8c8cc58f7a4a9dd5334cb1fa8db) Importer(815301076,1909f56bfc062723c751e8b465ee728b)  -> (artifact id: '459434ef2216ed92118bb44334c59834') in 0.006409 seconds 
  Import took 0.013288 seconds .

========================================================================
Received Import Request.
  Time since last request: 135.310028 seconds.
  path: Assets/MyShader/WaterColor2Movement.shadergraph
  artifactKey: Guid(e7cbd8c8cc58f7a4a9dd5334cb1fa8db) Importer(815301076,1909f56bfc062723c751e8b465ee728b)
Start importing Assets/MyShader/WaterColor2Movement.shadergraph using Guid(e7cbd8c8cc58f7a4a9dd5334cb1fa8db) Importer(815301076,1909f56bfc062723c751e8b465ee728b)  -> (artifact id: '13a6f13cc8cff44c6a0da8346c6798b5') in 0.007326 seconds 
  Import took 0.014728 seconds .

========================================================================
Received Import Request.
  Time since last request: 223.293270 seconds.
  path: Assets/MyShader/WaterColor2Movement.shadergraph
  artifactKey: Guid(e7cbd8c8cc58f7a4a9dd5334cb1fa8db) Importer(815301076,1909f56bfc062723c751e8b465ee728b)
Start importing Assets/MyShader/WaterColor2Movement.shadergraph using Guid(e7cbd8c8cc58f7a4a9dd5334cb1fa8db) Importer(815301076,1909f56bfc062723c751e8b465ee728b)  -> (artifact id: '49b8c595d54d680bfb109578f8c3a076') in 0.006438 seconds 
  Import took 0.013703 seconds .

========================================================================
Received Import Request.
  Time since last request: 17.988086 seconds.
  path: Assets/MyShader/WaterColor2Move.mat
  artifactKey: Guid(ae9714276c8607b4ca03e58b7f23ac7d) Importer(815301076,1909f56bfc062723c751e8b465ee728b)
Start importing Assets/MyShader/WaterColor2Move.mat using Guid(ae9714276c8607b4ca03e58b7f23ac7d) Importer(815301076,1909f56bfc062723c751e8b465ee728b)  -> (artifact id: 'f9870f19a8f89cb006ee046ce06acf8c') in 0.016124 seconds 
  Import took 0.023633 seconds .

========================================================================
Received Import Request.
  Time since last request: 104.889487 seconds.
  path: Assets/MyShader/WaterColor2Move.mat
  artifactKey: Guid(ae9714276c8607b4ca03e58b7f23ac7d) Importer(815301076,1909f56bfc062723c751e8b465ee728b)
Start importing Assets/MyShader/WaterColor2Move.mat using Guid(ae9714276c8607b4ca03e58b7f23ac7d) Importer(815301076,1909f56bfc062723c751e8b465ee728b)  -> (artifact id: 'ed87d00f11382cab3b186e870344286c') in 0.019075 seconds 
  Import took 0.026799 seconds .

========================================================================
Received Prepare
Registering precompiled user dll's ...
Registered in 0.008246 seconds.
Begin MonoManager ReloadAssembly
Native extension for WindowsStandalone target not found
Refreshing native plugins compatible for Editor in 1.02 ms, found 2 plugins.
Preloading 0 native plugins for Editor in 0.00 ms.
Mono: successfully reloaded assembly
- Completed reload, in  1.502 seconds
Domain Reload Profiling:
	ReloadAssembly (1503ms)
		BeginReloadAssembly (166ms)
			ExecutionOrderSort (0ms)
			DisableScriptedObjects (10ms)
			BackupInstance (0ms)
			ReleaseScriptingObjects (0ms)
			CreateAndSetChildDomain (51ms)
		EndReloadAssembly (1248ms)
			LoadAssemblies (135ms)
			RebuildTransferFunctionScriptingTraits (0ms)
			SetupTypeCache (428ms)
			ReleaseScriptCaches (2ms)
			RebuildScriptCaches (60ms)
			SetupLoadedEditorAssemblies (411ms)
				LogAssemblyErrors (0ms)
				InitializePlatformSupportModulesInManaged (6ms)
				SetLoadedEditorAssemblies (1ms)
				RefreshPlugins (1ms)
				BeforeProcessingInitializeOnLoad (135ms)
				ProcessInitializeOnLoadAttributes (252ms)
				ProcessInitializeOnLoadMethodAttributes (11ms)
				AfterProcessingInitializeOnLoad (3ms)
				EditorAssembliesLoaded (0ms)
			ExecutionOrderSort2 (0ms)
			AwakeInstancesAfterBackupRestoration (27ms)
Platform modules already initialized, skipping
Refreshing native plugins compatible for Editor in 0.69 ms, found 2 plugins.
Preloading 0 native plugins for Editor in 0.00 ms.
Unloading 2836 Unused Serialized files (Serialized files now loaded: 0)
System memory in use before: 129.3 MB.
System memory in use after: 129.5 MB.

Unloading 15 unused Assets to reduce memory usage. Loaded Objects now: 3578.
Total: 5.116500 ms (FindLiveObjects: 0.413400 ms CreateObjectMapping: 0.117500 ms MarkObjects: 4.556000 ms  DeleteObjects: 0.027300 ms)

AssetImportParameters requested are different than current active one (requested -> active):
  custom:framework-win-MediaFoundation: 216162199b28c13a410421893ffa2e32 -> 
  custom:video-decoder-ogg-theora: a1e56fd34408186e4bbccfd4996cb3dc -> 
  custom:container-muxer-webm: aa71ff27fc2769a1b78a27578f13a17b -> 
  custom:container-demuxer-webm: 4f35f7cbe854078d1ac9338744f61a02 -> 
  custom:container-demuxer-ogg: 62fdf1f143b41e24485cea50d1cbac27 -> 
  custom:video-encoder-webm-vp8: eb34c28f22e8b96e1ab97ce403110664 -> 
  custom:video-codec-MediaFoundation-h265: 746d11721c4dcdbdad8f713fa42b33f4 -> 
  custom:video-decoder-webm-vp8: 9c59270c3fd7afecdb556c50c9e8de78 -> 
  custom:audio-decoder-ogg-vorbis: bf7c407c2cedff20999df2af8eb42d56 -> 
  custom:audio-encoder-webm-vorbis: bf7c407c2cedff20999df2af8eb42d56 -> 
========================================================================
Received Import Request.
  Time since last request: 270.296744 seconds.
  path: Assets/MyShader/WaterColor2Move.mat
  artifactKey: Guid(ae9714276c8607b4ca03e58b7f23ac7d) Importer(815301076,1909f56bfc062723c751e8b465ee728b)
Start importing Assets/MyShader/WaterColor2Move.mat using Guid(ae9714276c8607b4ca03e58b7f23ac7d) Importer(815301076,1909f56bfc062723c751e8b465ee728b)  -> (artifact id: 'd3bb78ea9f73b667f517119428756bbe') in 0.240675 seconds 
  Import took 0.247210 seconds .

========================================================================
Received Import Request.
  Time since last request: 225.284079 seconds.
  path: Assets/MyShader/Form.prefab
  artifactKey: Guid(91105474f8be72b4f97fc4699d071edf) Importer(815301076,1909f56bfc062723c751e8b465ee728b)
Start importing Assets/MyShader/Form.prefab using Guid(91105474f8be72b4f97fc4699d071edf) Importer(815301076,1909f56bfc062723c751e8b465ee728b)  -> (artifact id: 'eed05f7702de943547636044127cb165') in 0.023111 seconds 
  Import took 0.031178 seconds .

========================================================================
Received Import Request.
  Time since last request: 18.395073 seconds.
  path: Assets/MyShader/form.shadergraph
  artifactKey: Guid(d86030233f0fb5e42b479db1942fd815) Importer(815301076,1909f56bfc062723c751e8b465ee728b)
Start importing Assets/MyShader/form.shadergraph using Guid(d86030233f0fb5e42b479db1942fd815) Importer(815301076,1909f56bfc062723c751e8b465ee728b)  -> (artifact id: '565a1ba5700d03269bf43694f6f95d7d') in 0.005893 seconds 
  Import took 0.012320 seconds .

========================================================================
Received Import Request.
  Time since last request: 430.592252 seconds.
  path: Assets/MyShader/form.mat
  artifactKey: Guid(1a3aa49b780cbd54680f5c093c6e201f) Importer(815301076,1909f56bfc062723c751e8b465ee728b)
Start importing Assets/MyShader/form.mat using Guid(1a3aa49b780cbd54680f5c093c6e201f) Importer(815301076,1909f56bfc062723c751e8b465ee728b)  -> (artifact id: 'e0ee24a053890a364d44a0c3e2ecd65d') in 0.022137 seconds 
  Import took 0.028920 seconds .

========================================================================
Received Import Request.
  Time since last request: 266.729086 seconds.
  path: Assets/MyShader/form.shadergraph
  artifactKey: Guid(d86030233f0fb5e42b479db1942fd815) Importer(815301076,1909f56bfc062723c751e8b465ee728b)
Start importing Assets/MyShader/form.shadergraph using Guid(d86030233f0fb5e42b479db1942fd815) Importer(815301076,1909f56bfc062723c751e8b465ee728b)  -> (artifact id: '562983e00cd76b026052f4317982c593') in 0.007054 seconds 
  Import took 0.015292 seconds .

========================================================================
Received Prepare
Registering precompiled user dll's ...
Registered in 0.007650 seconds.
Begin MonoManager ReloadAssembly
Native extension for WindowsStandalone target not found
Refreshing native plugins compatible for Editor in 1.00 ms, found 2 plugins.
Preloading 0 native plugins for Editor in 0.00 ms.
Mono: successfully reloaded assembly
- Completed reload, in  1.477 seconds
Domain Reload Profiling:
	ReloadAssembly (1478ms)
		BeginReloadAssembly (164ms)
			ExecutionOrderSort (0ms)
			DisableScriptedObjects (9ms)
			BackupInstance (0ms)
			ReleaseScriptingObjects (0ms)
			CreateAndSetChildDomain (48ms)
		EndReloadAssembly (1230ms)
			LoadAssemblies (138ms)
			RebuildTransferFunctionScriptingTraits (0ms)
			SetupTypeCache (423ms)
			ReleaseScriptCaches (1ms)
			RebuildScriptCaches (55ms)
			SetupLoadedEditorAssemblies (401ms)
				LogAssemblyErrors (0ms)
				InitializePlatformSupportModulesInManaged (5ms)
				SetLoadedEditorAssemblies (1ms)
				RefreshPlugins (2ms)
				BeforeProcessingInitializeOnLoad (124ms)
				ProcessInitializeOnLoadAttributes (253ms)
				ProcessInitializeOnLoadMethodAttributes (13ms)
				AfterProcessingInitializeOnLoad (3ms)
				EditorAssembliesLoaded (0ms)
			ExecutionOrderSort2 (0ms)
			AwakeInstancesAfterBackupRestoration (28ms)
Platform modules already initialized, skipping
Refreshing native plugins compatible for Editor in 0.94 ms, found 2 plugins.
Preloading 0 native plugins for Editor in 0.00 ms.
Unloading 2833 Unused Serialized files (Serialized files now loaded: 0)
System memory in use before: 129.1 MB.
System memory in use after: 129.4 MB.

Unloading 15 unused Assets to reduce memory usage. Loaded Objects now: 3616.
Total: 4.346700 ms (FindLiveObjects: 0.380000 ms CreateObjectMapping: 0.087200 ms MarkObjects: 3.848000 ms  DeleteObjects: 0.029900 ms)

AssetImportParameters requested are different than current active one (requested -> active):
  custom:framework-win-MediaFoundation: 216162199b28c13a410421893ffa2e32 -> 
  custom:video-decoder-ogg-theora: a1e56fd34408186e4bbccfd4996cb3dc -> 
  custom:container-muxer-webm: aa71ff27fc2769a1b78a27578f13a17b -> 
  custom:container-demuxer-webm: 4f35f7cbe854078d1ac9338744f61a02 -> 
  custom:container-demuxer-ogg: 62fdf1f143b41e24485cea50d1cbac27 -> 
  custom:video-encoder-webm-vp8: eb34c28f22e8b96e1ab97ce403110664 -> 
  custom:video-codec-MediaFoundation-h265: 746d11721c4dcdbdad8f713fa42b33f4 -> 
  custom:video-decoder-webm-vp8: 9c59270c3fd7afecdb556c50c9e8de78 -> 
  custom:audio-decoder-ogg-vorbis: bf7c407c2cedff20999df2af8eb42d56 -> 
  custom:audio-encoder-webm-vorbis: bf7c407c2cedff20999df2af8eb42d56 -> 
========================================================================
Received Import Request.
  Time since last request: 385.521708 seconds.
  path: Assets/Ch14_nonPBR@Sitting.fbx
  artifactKey: Guid(7a751d51e017a064ab42b8a320e3a56a) Importer(815301076,1909f56bfc062723c751e8b465ee728b)
Start importing Assets/Ch14_nonPBR@Sitting.fbx using Guid(7a751d51e017a064ab42b8a320e3a56a) Importer(815301076,1909f56bfc062723c751e8b465ee728b)  -> (artifact id: '9246ae3f935b18f5205fdeb52ef471c4') in 1.204781 seconds 
  Import took 1.213840 seconds .

========================================================================
Received Prepare
Registering precompiled user dll's ...
Registered in 0.010660 seconds.
Begin MonoManager ReloadAssembly
Native extension for WindowsStandalone target not found
Refreshing native plugins compatible for Editor in 0.69 ms, found 2 plugins.
Preloading 0 native plugins for Editor in 0.00 ms.
Mono: successfully reloaded assembly
- Completed reload, in  1.601 seconds
Domain Reload Profiling:
	ReloadAssembly (1602ms)
		BeginReloadAssembly (162ms)
			ExecutionOrderSort (0ms)
			DisableScriptedObjects (9ms)
			BackupInstance (0ms)
			ReleaseScriptingObjects (0ms)
			CreateAndSetChildDomain (51ms)
		EndReloadAssembly (1357ms)
			LoadAssemblies (149ms)
			RebuildTransferFunctionScriptingTraits (0ms)
			SetupTypeCache (478ms)
			ReleaseScriptCaches (2ms)
			RebuildScriptCaches (60ms)
			SetupLoadedEditorAssemblies (426ms)
				LogAssemblyErrors (0ms)
				InitializePlatformSupportModulesInManaged (6ms)
				SetLoadedEditorAssemblies (1ms)
				RefreshPlugins (1ms)
				BeforeProcessingInitializeOnLoad (140ms)
				ProcessInitializeOnLoadAttributes (262ms)
				ProcessInitializeOnLoadMethodAttributes (14ms)
				AfterProcessingInitializeOnLoad (3ms)
				EditorAssembliesLoaded (0ms)
			ExecutionOrderSort2 (0ms)
			AwakeInstancesAfterBackupRestoration (27ms)
Platform modules already initialized, skipping
Refreshing native plugins compatible for Editor in 0.71 ms, found 2 plugins.
Preloading 0 native plugins for Editor in 0.00 ms.
Unloading 2833 Unused Serialized files (Serialized files now loaded: 0)
System memory in use before: 143.0 MB.
System memory in use after: 143.3 MB.

Unloading 15 unused Assets to reduce memory usage. Loaded Objects now: 3658.
Total: 5.981300 ms (FindLiveObjects: 0.384000 ms CreateObjectMapping: 0.085800 ms MarkObjects: 5.476600 ms  DeleteObjects: 0.033100 ms)

AssetImportParameters requested are different than current active one (requested -> active):
  custom:framework-win-MediaFoundation: 216162199b28c13a410421893ffa2e32 -> 
  custom:video-decoder-ogg-theora: a1e56fd34408186e4bbccfd4996cb3dc -> 
  custom:container-muxer-webm: aa71ff27fc2769a1b78a27578f13a17b -> 
  custom:container-demuxer-webm: 4f35f7cbe854078d1ac9338744f61a02 -> 
  custom:container-demuxer-ogg: 62fdf1f143b41e24485cea50d1cbac27 -> 
  custom:video-encoder-webm-vp8: eb34c28f22e8b96e1ab97ce403110664 -> 
  custom:video-codec-MediaFoundation-h265: 746d11721c4dcdbdad8f713fa42b33f4 -> 
  custom:video-decoder-webm-vp8: 9c59270c3fd7afecdb556c50c9e8de78 -> 
  custom:audio-decoder-ogg-vorbis: bf7c407c2cedff20999df2af8eb42d56 -> 
  custom:audio-encoder-webm-vorbis: bf7c407c2cedff20999df2af8eb42d56 -> 
AssetImportWorkerClient::OnTransportError - code=2 error=End of file
